# JRE version: Java(TM) SE Runtime Environment (17.0.9+11) (build 17.0.9+11-LTS-201)
# Java VM: Java HotSpot(TM) 64-Bit Server VM (17.0.9+11-LTS-201, mixed mode, sharing, tiered, compressed oops, compressed class ptrs, g1 gc, windows-amd64)
GC Precious Log:
 CPUs: 8 total, 8 available
 Memory: 16122M
 Large Page Support: Disabled
 NUMA Support: Disabled
 Compressed Oops: Enabled (32-bit)
 Heap Region Size: 1M
 Heap Min Capacity: 8M
 Heap Initial Capacity: 252M
 Heap Max Capacity: 2G
 Pre-touch: Disabled
 Parallel Workers: 8
 Concurrent Workers: 2
 Concurrent Refinement Workers: 8
 Periodic GC: Disabled
Heap:
 garbage-first heap   total 254976K, used 161070K [0x0000000080000000, 0x0000000100000000)
  region size 1024K, 37 young (37888K), 7 survivors (7168K)
 Metaspace       used 98624K, committed 99520K, reserved 557056K
  class space    used 13620K, committed 14080K, reserved 425984K
GC Heap History (20 events):
Event: 29.914 GC heap before
{Heap before GC invocations=40 (full 0):
 garbage-first heap   total 173056K, used 142770K [0x0000000080000000, 0x0000000100000000)
  region size 1024K, 51 young (52224K), 6 survivors (6144K)
 Metaspace       used 93549K, committed 94336K, reserved 557056K
  class space    used 13111K, committed 13504K, reserved 425984K
}
Event: 29.928 GC heap after
{Heap after GC invocations=41 (full 0):
 garbage-first heap   total 173056K, used 100681K [0x0000000080000000, 0x0000000100000000)
  region size 1024K, 6 young (6144K), 6 survivors (6144K)
 Metaspace       used 93549K, committed 94336K, reserved 557056K
  class space    used 13111K, committed 13504K, reserved 425984K
}
Event: 30.765 GC heap before
{Heap before GC invocations=42 (full 0):
 garbage-first heap   total 184320K, used 137545K [0x0000000080000000, 0x0000000100000000)
  region size 1024K, 44 young (45056K), 6 survivors (6144K)
 Metaspace       used 94996K, committed 95872K, reserved 557056K
  class space    used 13245K, committed 13696K, reserved 425984K
}
Event: 30.784 GC heap after
{Heap after GC invocations=43 (full 0):
 garbage-first heap   total 184320K, used 106682K [0x0000000080000000, 0x0000000100000000)
  region size 1024K, 6 young (6144K), 6 survivors (6144K)
 Metaspace       used 94996K, committed 95872K, reserved 557056K
  class space    used 13245K, committed 13696K, reserved 425984K
}
Event: 32.162 GC heap before
{Heap before GC invocations=44 (full 0):
 garbage-first heap   total 198656K, used 155834K [0x0000000080000000, 0x0000000100000000)
  region size 1024K, 50 young (51200K), 6 survivors (6144K)
 Metaspace       used 96478K, committed 97344K, reserved 557056K
  class space    used 13368K, committed 13824K, reserved 425984K
}
Event: 32.174 GC heap after
{Heap after GC invocations=45 (full 0):
 garbage-first heap   total 198656K, used 108375K [0x0000000080000000, 0x0000000100000000)
  region size 1024K, 3 young (3072K), 3 survivors (3072K)
 Metaspace       used 96478K, committed 97344K, reserved 557056K
  class space    used 13368K, committed 13824K, reserved 425984K
}
Event: 33.043 GC heap before
{Heap before GC invocations=45 (full 0):
 garbage-first heap   total 198656K, used 162647K [0x0000000080000000, 0x0000000100000000)
  region size 1024K, 57 young (58368K), 3 survivors (3072K)
 Metaspace       used 97068K, committed 97920K, reserved 557056K
  class space    used 13459K, committed 13888K, reserved 425984K
}
Event: 33.055 GC heap after
{Heap after GC invocations=46 (full 0):
 garbage-first heap   total 238592K, used 112962K [0x0000000080000000, 0x0000000100000000)
  region size 1024K, 7 young (7168K), 7 survivors (7168K)
 Metaspace       used 97068K, committed 97920K, reserved 557056K
  class space    used 13459K, committed 13888K, reserved 425984K
}
Event: 34.219 GC heap before
{Heap before GC invocations=47 (full 0):
 garbage-first heap   total 238592K, used 150850K [0x0000000080000000, 0x0000000100000000)
  region size 1024K, 45 young (46080K), 7 survivors (7168K)
 Metaspace       used 97071K, committed 97920K, reserved 557056K
  class space    used 13459K, committed 13888K, reserved 425984K
}
Event: 34.231 GC heap after
{Heap after GC invocations=48 (full 0):
 garbage-first heap   total 238592K, used 115342K [0x0000000080000000, 0x0000000100000000)
  region size 1024K, 8 young (8192K), 8 survivors (8192K)
 Metaspace       used 97071K, committed 97920K, reserved 557056K
  class space    used 13459K, committed 13888K, reserved 425984K
}
Event: 34.704 GC heap before
{Heap before GC invocations=49 (full 0):
 garbage-first heap   total 238592K, used 145038K [0x0000000080000000, 0x0000000100000000)
  region size 1024K, 31 young (31744K), 8 survivors (8192K)
 Metaspace       used 97169K, committed 97984K, reserved 557056K
  class space    used 13463K, committed 13888K, reserved 425984K
}
Event: 34.718 GC heap after
{Heap after GC invocations=50 (full 0):
 garbage-first heap   total 238592K, used 117924K [0x0000000080000000, 0x0000000100000000)
  region size 1024K, 5 young (5120K), 5 survivors (5120K)
 Metaspace       used 97169K, committed 97984K, reserved 557056K
  class space    used 13463K, committed 13888K, reserved 425984K
}
Event: 35.143 GC heap before
{Heap before GC invocations=51 (full 0):
 garbage-first heap   total 238592K, used 147620K [0x0000000080000000, 0x0000000100000000)
  region size 1024K, 28 young (28672K), 5 survivors (5120K)
 Metaspace       used 97306K, committed 98112K, reserved 557056K
  class space    used 13475K, committed 13888K, reserved 425984K
}
Event: 35.154 GC heap after
{Heap after GC invocations=52 (full 0):
 garbage-first heap   total 238592K, used 119575K [0x0000000080000000, 0x0000000100000000)
  region size 1024K, 7 young (7168K), 7 survivors (7168K)
 Metaspace       used 97306K, committed 98112K, reserved 557056K
  class space    used 13475K, committed 13888K, reserved 425984K
}
Event: 35.684 GC heap before
{Heap before GC invocations=53 (full 0):
 garbage-first heap   total 247808K, used 163607K [0x0000000080000000, 0x0000000100000000)
  region size 1024K, 44 young (45056K), 7 survivors (7168K)
 Metaspace       used 97465K, committed 98304K, reserved 557056K
  class space    used 13483K, committed 13952K, reserved 425984K
}
Event: 35.697 GC heap after
{Heap after GC invocations=54 (full 0):
 garbage-first heap   total 247808K, used 122387K [0x0000000080000000, 0x0000000100000000)
  region size 1024K, 8 young (8192K), 8 survivors (8192K)
 Metaspace       used 97465K, committed 98304K, reserved 557056K
  class space    used 13483K, committed 13952K, reserved 425984K
}
Event: 36.470 GC heap before
{Heap before GC invocations=55 (full 0):
 garbage-first heap   total 249856K, used 188947K [0x0000000080000000, 0x0000000100000000)
  region size 1024K, 66 young (67584K), 8 survivors (8192K)
 Metaspace       used 97622K, committed 98496K, reserved 557056K
  class space    used 13497K, committed 13952K, reserved 425984K
}
Event: 36.486 GC heap after
{Heap after GC invocations=56 (full 0):
 garbage-first heap   total 249856K, used 125899K [0x0000000080000000, 0x0000000100000000)
  region size 1024K, 9 young (9216K), 9 survivors (9216K)
 Metaspace       used 97622K, committed 98496K, reserved 557056K
  class space    used 13497K, committed 13952K, reserved 425984K
}
Event: 37.049 GC heap before
{Heap before GC invocations=57 (full 0):
 garbage-first heap   total 249856K, used 171979K [0x0000000080000000, 0x0000000100000000)
  region size 1024K, 52 young (53248K), 9 survivors (9216K)
 Metaspace       used 97653K, committed 98560K, reserved 557056K
  class space    used 13498K, committed 13952K, reserved 425984K
}
Event: 37.063 GC heap after
{Heap after GC invocations=58 (full 0):
 garbage-first heap   total 249856K, used 128302K [0x0000000080000000, 0x0000000100000000)
  region size 1024K, 7 young (7168K), 7 survivors (7168K)
 Metaspace       used 97653K, committed 98560K, reserved 557056K
  class space    used 13498K, committed 13952K, reserved 425984K
}

